<?xml version="1.0" encoding="UTF-8"?>
<!-- Generated by org.testng.reporters.JUnitXMLReporter -->
<testsuite hostname="LAPTOP-9C9L8PTP" ignored="0" name="all tests" tests="6" failures="6" timestamp="05 sie 2018 20:43:46 GMT" time="2.691" errors="0">
  <testcase name="ByTypingWordInSearchUserCanFindExpectingItem" time="0.009" classname="TestCases.TopToolbar_Content">
    <failure type="java.lang.NullPointerException">
      <![CDATA[java.lang.NullPointerExceptionat Pages.StartPage.TypeToSearch(StartPage.java:70)at TestCases.TopToolbar_Content.ByTypingWordInSearchUserCanFindExpectingItem(TopToolbar_Content.java:27)... Removed 25 stack frames]]>
    </failure>
  </testcase> <!-- ByTypingWordInSearchUserCanFindExpectingItem -->
  <testcase name="VisibilityAndTypeOfTopicProject" time="0.004" classname="TestCases.TopToolbar_Content">
    <failure type="java.lang.AssertionError" message="About topic is not present on page expected [true] but found [false]">
      <![CDATA[java.lang.AssertionError: About topic is not present on page expected [true] but found [false]at TestCases.TopToolbar_Content.VisibilityAndTypeOfTopicProject(TopToolbar_Content.java:39)... Removed 28 stack frames]]>
    </failure>
  </testcase> <!-- VisibilityAndTypeOfTopicProject -->
  <testcase name="VisibilityAndTypeOfTopicDownload" time="0.002" classname="TestCases.TopToolbar_Content">
    <failure type="java.lang.AssertionError" message="About topic is not present on page expected [true] but found [false]">
      <![CDATA[java.lang.AssertionError: About topic is not present on page expected [true] but found [false]at TestCases.TopToolbar_Content.VisibilityAndTypeOfTopicDownload(TopToolbar_Content.java:48)... Removed 28 stack frames]]>
    </failure>
  </testcase> <!-- VisibilityAndTypeOfTopicDownload -->
  <testcase name="VisibilityAndTypeOfTopicDocumentation" time="0.001" classname="TestCases.TopToolbar_Content">
    <failure type="java.lang.AssertionError" message="About topic is not present on page expected [true] but found [false]">
      <![CDATA[java.lang.AssertionError: About topic is not present on page expected [true] but found [false]at TestCases.TopToolbar_Content.VisibilityAndTypeOfTopicDocumentation(TopToolbar_Content.java:57)... Removed 28 stack frames]]>
    </failure>
  </testcase> <!-- VisibilityAndTypeOfTopicDocumentation -->
  <testcase name="VisibilityAndTypeOfTopicSupport" time="0.001" classname="TestCases.TopToolbar_Content">
    <failure type="java.lang.AssertionError" message="About topic is not present on page expected [true] but found [false]">
      <![CDATA[java.lang.AssertionError: About topic is not present on page expected [true] but found [false]at TestCases.TopToolbar_Content.VisibilityAndTypeOfTopicSupport(TopToolbar_Content.java:66)... Removed 28 stack frames]]>
    </failure>
  </testcase> <!-- VisibilityAndTypeOfTopicSupport -->
  <testcase name="VisibilityAndTypeOfTopicAbout" time="0.0" classname="TestCases.TopToolbar_Content">
    <failure type="java.lang.AssertionError" message="About topic is not present on page expected [true] but found [false]">
      <![CDATA[java.lang.AssertionError: About topic is not present on page expected [true] but found [false]at TestCases.TopToolbar_Content.VisibilityAndTypeOfTopicAbout(TopToolbar_Content.java:75)... Removed 28 stack frames]]>
    </failure>
  </testcase> <!-- VisibilityAndTypeOfTopicAbout -->
</testsuite> <!-- all tests -->
