<?xml version="1.0" encoding="UTF-8"?>
<!-- Generated by org.testng.reporters.JUnitXMLReporter -->
<testsuite hostname="LAPTOP-9C9L8PTP" ignored="0" name="single tests" tests="1" failures="1" timestamp="10 cze 2018 18:11:36 GMT" time="10.442" errors="0">
  <testcase name="LogoVisibility" time="2.615" classname="TestCases.TopToolbar_Content">
    <failure type="java.lang.AssertionError" message="there are no bugs expected [false] but found [true]">
      <![CDATA[java.lang.AssertionError: there are no bugs expected [false] but found [true]at TestCases.TopToolbar_Content.LogoVisibility(TopToolbar_Content.java:36)... Removed 30 stack frames]]>
    </failure>
  </testcase> <!-- LogoVisibility -->
</testsuite> <!-- single tests -->
